#
# There is insufficient memory for the Java Runtime Environment to continue.
# Native memory allocation (malloc) failed to allocate 1209456 bytes for Chunk::new
# Possible reasons:
#   The system is out of physical RAM or swap space
#   In 32 bit mode, the process size limit was hit
# Possible solutions:
#   Reduce memory load on the system
#   Increase physical memory or swap space
#   Check if swap backing store is full
#   Use 64 bit Java on a 64 bit OS
#   Decrease Java heap size (-Xmx/-Xms)
#   Decrease number of Java threads
#   Decrease Java thread stack sizes (-Xss)
#   Set larger code cache with -XX:ReservedCodeCacheSize=
# This output file may be truncated or incomplete.
#
#  Out of Memory Error (allocation.cpp:390), pid=10688, tid=0x0000000000003c10
#
# JRE version: OpenJDK Runtime Environment (8.0_152-b02) (build 1.8.0_152-release-1024-b02)
# Java VM: OpenJDK 64-Bit Server VM (25.152-b02 mixed mode windows-amd64 compressed oops)
# Failed to write core dump. Minidumps are not enabled by default on client versions of Windows
#

---------------  T H R E A D  ---------------

Current thread (0x0000000018c62800):  JavaThread "C2 CompilerThread1" daemon [_thread_in_native, id=15376, stack(0x000000001a4b0000,0x000000001a5b0000)]

Stack: [0x000000001a4b0000,0x000000001a5b0000]
[error occurred during error reporting (printing stack bounds), id 0xc0000005]

Native frames: (J=compiled Java code, j=interpreted, Vv=VM code, C=native code)


Current CompileTask:
C2: 214376 17691       4       com.android.tools.r8.ir.regalloc.LinearScanRegisterAllocator::allocateSingleInterval (807 bytes)


---------------  P R O C E S S  ---------------

Java Threads: ( => current thread )
  0x000000001af5e800 JavaThread "ForkJoinPool.commonPool-worker-14" daemon [_thread_blocked, id=9372, stack(0x000000002ccb0000,0x000000002cdb0000)]
  0x000000001af5f000 JavaThread "ForkJoinPool.commonPool-worker-12" daemon [_thread_blocked, id=9752, stack(0x000000002cbb0000,0x000000002ccb0000)]
  0x000000001af5d800 JavaThread "ForkJoinPool.commonPool-worker-6" daemon [_thread_blocked, id=13064, stack(0x000000002cab0000,0x000000002cbb0000)]
  0x000000001af5d000 JavaThread "ForkJoinPool.commonPool-worker-4" daemon [_thread_blocked, id=16448, stack(0x000000002b9e0000,0x000000002bae0000)]
  0x000000001af55800 JavaThread "ForkJoinPool.commonPool-worker-7" daemon [_thread_blocked, id=13772, stack(0x000000002b8e0000,0x000000002b9e0000)]
  0x000000001af5c000 JavaThread "ForkJoinPool.commonPool-worker-5" daemon [_thread_blocked, id=4516, stack(0x000000002b7e0000,0x000000002b8e0000)]
  0x000000001af5b800 JavaThread "ForkJoinPool.commonPool-worker-1" daemon [_thread_in_native, id=10136, stack(0x000000002b6e0000,0x000000002b7e0000)]
  0x000000001af5a800 JavaThread "ForkJoinPool.commonPool-worker-0" daemon [_thread_blocked, id=8240, stack(0x000000002b5e0000,0x000000002b6e0000)]
  0x000000001af59000 JavaThread "ForkJoinPool.commonPool-worker-3" daemon [_thread_blocked, id=6548, stack(0x000000002b4e0000,0x000000002b5e0000)]
  0x000000001af52800 JavaThread "ForkJoinPool.commonPool-worker-2" daemon [_thread_blocked, id=6080, stack(0x000000002b3e0000,0x000000002b4e0000)]
  0x000000001af57000 JavaThread "Cache worker for Java compile cache (E:\Chau Milano\Android Project\SourceCode\.gradle\4.4\javaCompile)" [_thread_blocked, id=3304, stack(0x000000002b2e0000,0x000000002b3e0000)]
  0x000000001ec65800 JavaThread "Task worker for ':' Thread 3" [_thread_blocked, id=13784, stack(0x000000002a4e0000,0x000000002a5e0000)]
  0x000000001ec63800 JavaThread "Task worker for ':' Thread 2" [_thread_blocked, id=13680, stack(0x000000002a3e0000,0x000000002a4e0000)]
  0x000000001ec68000 JavaThread "Task worker for ':'" [_thread_blocked, id=6536, stack(0x000000002a2e0000,0x000000002a3e0000)]
  0x000000001ec65000 JavaThread "Cache worker for Build Output Cleanup Cache (E:\Chau Milano\Android Project\SourceCode\.gradle\buildOutputCleanup)" [_thread_blocked, id=17320, stack(0x000000002a1e0000,0x000000002a2e0000)]
  0x000000001ec62800 JavaThread "Cache worker for task history cache (E:\Chau Milano\Android Project\SourceCode\.gradle\4.4\taskHistory)" [_thread_blocked, id=1376, stack(0x000000002a0e0000,0x000000002a1e0000)]
  0x000000001ec64000 JavaThread "Cache worker for file content cache (E:\Chau Milano\Android Project\SourceCode\.gradle\4.4\fileContent)" [_thread_blocked, id=6528, stack(0x0000000029fe0000,0x000000002a0e0000)]
  0x000000001ec66800 JavaThread "build operations Thread 4" [_thread_blocked, id=12220, stack(0x0000000029ee0000,0x0000000029fe0000)]
  0x000000001ec5b000 JavaThread "build operations Thread 3" [_thread_blocked, id=5124, stack(0x0000000029de0000,0x0000000029ee0000)]
  0x000000001ec62000 JavaThread "build operations Thread 2" [_thread_blocked, id=9744, stack(0x0000000029ce0000,0x0000000029de0000)]
  0x000000001ec61000 JavaThread "build operations" [_thread_blocked, id=7800, stack(0x0000000029be0000,0x0000000029ce0000)]
  0x000000001ec5a800 JavaThread "Cache worker for Artifact transforms cache (C:\Users\Chau Milano\.gradle\caches\transforms-1)" [_thread_blocked, id=16952, stack(0x0000000029ae0000,0x0000000029be0000)]
  0x000000001ec5e000 JavaThread "Cache worker for file hash cache (E:\Chau Milano\Android Project\SourceCode\.gradle\4.4\fileHashes)" [_thread_blocked, id=14032, stack(0x00000000299e0000,0x0000000029ae0000)]
  0x000000001ec60800 JavaThread "Stdin handler" [_thread_blocked, id=14472, stack(0x00000000298e0000,0x00000000299e0000)]
  0x000000001ec59800 JavaThread "Asynchronous log dispatcher for DefaultDaemonConnection: socket connection from /127.0.0.1:57249 to /127.0.0.1:58023" [_thread_blocked, id=10836, stack(0x00000000297e0000,0x00000000298e0000)]
  0x000000001ec5f000 JavaThread "Cancel handler" [_thread_blocked, id=948, stack(0x00000000296e0000,0x00000000297e0000)]
  0x000000001ec5d800 JavaThread "Handler for socket connection from /127.0.0.1:57249 to /127.0.0.1:58023" [_thread_in_native, id=3800, stack(0x00000000295e0000,0x00000000296e0000)]
  0x000000001af5a000 JavaThread "pool-2-thread-1" [_thread_blocked, id=3916, stack(0x00000000270e0000,0x00000000271e0000)]
  0x000000001af54000 JavaThread "Memory manager" [_thread_blocked, id=1744, stack(0x0000000025180000,0x0000000025280000)]
  0x000000001af53000 JavaThread "pool-1-thread-1" [_thread_blocked, id=1876, stack(0x0000000024d40000,0x0000000024e40000)]
  0x000000001bea6800 JavaThread "File lock request listener" [_thread_in_native, id=6928, stack(0x000000001ea70000,0x000000001eb70000)]
  0x000000001c47e000 JavaThread "Cache worker for file hash cache (C:\Users\Chau Milano\.gradle\caches\4.4\fileHashes)" [_thread_blocked, id=16716, stack(0x000000001e970000,0x000000001ea70000)]
  0x000000001bdc9800 JavaThread "Daemon worker" [_thread_blocked, id=15184, stack(0x000000001d4a0000,0x000000001d5a0000)]
  0x000000001af4b800 JavaThread "Daemon" [_thread_blocked, id=14104, stack(0x000000001cfa0000,0x000000001d0a0000)]
  0x000000001bac8000 JavaThread "Daemon periodic checks" [_thread_blocked, id=13976, stack(0x000000001cea0000,0x000000001cfa0000)]
  0x000000001af45000 JavaThread "Incoming local TCP Connector on port 57249" [_thread_in_native, id=4848, stack(0x000000001c9c0000,0x000000001cac0000)]
  0x000000001a6d8800 JavaThread "Service Thread" daemon [_thread_blocked, id=7312, stack(0x000000001aab0000,0x000000001abb0000)]
  0x0000000018c6a800 JavaThread "C1 CompilerThread2" daemon [_thread_in_native, id=14560, stack(0x000000001a5b0000,0x000000001a6b0000)]
=>0x0000000018c62800 JavaThread "C2 CompilerThread1" daemon [_thread_in_native, id=15376, stack(0x000000001a4b0000,0x000000001a5b0000)]
  0x0000000018c5e800 JavaThread "C2 CompilerThread0" daemon [_thread_in_native, id=6732, stack(0x000000001a3b0000,0x000000001a4b0000)]
  0x0000000018c5d800 JavaThread "Attach Listener" daemon [_thread_blocked, id=17088, stack(0x000000001a2b0000,0x000000001a3b0000)]
  0x0000000018c5c800 JavaThread "Signal Dispatcher" daemon [_thread_blocked, id=15892, stack(0x000000001a1b0000,0x000000001a2b0000)]
  0x0000000018c48800 JavaThread "Finalizer" daemon [_thread_blocked, id=11944, stack(0x0000000019ec0000,0x0000000019fc0000)]
  0x00000000052e4000 JavaThread "Reference Handler" daemon [_thread_blocked, id=11932, stack(0x0000000019dc0000,0x0000000019ec0000)]
  0x00000000051f2800 JavaThread "main" [_thread_blocked, id=6448, stack(0x00000000050f0000,0x00000000051f0000)]

Other Threads:
  0x0000000018c25000 VMThread [stack: 0x0000000019cc0000,0x0000000019dc0000] [id=16888]
  0x0000000018ca2000 WatcherThread [stack: 0x000000001abb0000,0x000000001acb0000] [id=16104]

VM state:not at safepoint (normal execution)

VM Mutex/Monitor currently owned by a thread:  ([mutex/lock_event])
[0x0000000000f8d1a0] CodeCache_lock - owner thread: 0x0000000000000000

Heap:
 PSYoungGen      total 240128K, used 123530K [0x00000000e0000000, 0x00000000f2d00000, 0x0000000100000000)
  eden space 188928K, 65% used [0x00000000e0000000,0x00000000e78a2a08,0x00000000eb880000)
  from space 51200K, 0% used [0x00000000eef80000,0x00000000eef80000,0x00000000f2180000)
  to   space 56320K, 0% used [0x00000000eb880000,0x00000000eb880000,0x00000000eef80000)
 ParOldGen       total 159744K, used 74796K [0x00000000a0000000, 0x00000000a9c00000, 0x00000000e0000000)
  object space 159744K, 46% used [0x00000000a0000000,0x00000000a490b088,0x00000000a9c00000)
 Metaspace       used 100866K, capacity 105170K, committed 105432K, reserved 1140736K
  class space    used 12797K, capacity 13778K, committed 13824K, reserved 1048576K

Card table byte_map: [0x00000000146b0000,0x00000000149c0000] byte_map_base: 0x00000000141b0000

Marking Bits: (ParMarkBitMap*) 0x000000006aa44970
 Begin Bits: [0x0000000014fc0000, 0x00000000167c0000)
 End Bits:   [0x00000000167c0000, 0x0000000017fc0000)

Polling page: 0x0000000005030000

CodeCache: size=245760Kb used=51399Kb max_used=51399Kb free=194360Kb
 bounds [0x00000000052f0000, 0x0000000008560000, 0x00000000142f0000]
 total_blobs=15772 nmethods=14894 adapters=788
 compilation: enabled

Compilation events (10 events):
Event: 214.175 Thread 0x0000000018c6a800 nmethod 17938 0x000000000851aa50 code [0x000000000851abe0, 0x000000000851ade8]
Event: 214.175 Thread 0x0000000018c6a800 17939       2       com.android.tools.r8.graph.JarCode::triggerDelayedParsingIfNeccessary (70 bytes)
Event: 214.175 Thread 0x0000000018c6a800 nmethod 17939 0x000000000851af10 code [0x000000000851b0a0, 0x000000000851b448]
Event: 214.176 Thread 0x0000000018c6a800 17941       2       com.android.tools.r8.ir.code.Return::createDexInstruction (184 bytes)
Event: 214.176 Thread 0x0000000018c6a800 nmethod 17941 0x000000000851b650 code [0x000000000851b840, 0x000000000851be18]
Event: 214.179 Thread 0x0000000018c6a800 17942       2       com.android.tools.r8.dex.VirtualFile$IndexedItemTransaction::addType (17 bytes)
Event: 214.179 Thread 0x0000000018c6a800 nmethod 17942 0x000000000851c290 code [0x000000000851c420, 0x000000000851c648]
Event: 214.179 Thread 0x0000000018c6a800 17943       2       com.android.tools.r8.graph.DexItem$$Lambda$720/1081772525::accept (12 bytes)
Event: 214.180 Thread 0x0000000018c6a800 nmethod 17943 0x000000000851c790 code [0x000000000851c900, 0x000000000851cac8]
Event: 214.180 Thread 0x0000000018c6a800 17944       2       com.android.tools.r8.ir.code.BasicBlock::replaceSuccessor (625 bytes)

GC Heap History (10 events):
Event: 196.353 GC heap before
{Heap before GC invocations=28 (full 3):
 PSYoungGen      total 200192K, used 200166K [0x00000000e0000000, 0x00000000efe80000, 0x0000000100000000)
  eden space 168448K, 100% used [0x00000000e0000000,0x00000000ea480000,0x00000000ea480000)
  from space 31744K, 99% used [0x00000000ecd00000,0x00000000eebf9908,0x00000000eec00000)
  to   space 41472K, 0% used [0x00000000ea480000,0x00000000ea480000,0x00000000ecd00000)
 ParOldGen       total 159744K, used 59577K [0x00000000a0000000, 0x00000000a9c00000, 0x00000000e0000000)
  object space 159744K, 37% used [0x00000000a0000000,0x00000000a3a2e7e0,0x00000000a9c00000)
 Metaspace       used 85592K, capacity 89190K, committed 89432K, reserved 1126400K
  class space    used 11037K, capacity 11853K, committed 11904K, reserved 1048576K
Event: 196.374 GC heap after
Heap after GC invocations=28 (full 3):
 PSYoungGen      total 209920K, used 28896K [0x00000000e0000000, 0x00000000f0500000, 0x0000000100000000)
  eden space 168448K, 0% used [0x00000000e0000000,0x00000000e0000000,0x00000000ea480000)
  from space 41472K, 69% used [0x00000000ea480000,0x00000000ec0b83f0,0x00000000ecd00000)
  to   space 43520K, 0% used [0x00000000eda80000,0x00000000eda80000,0x00000000f0500000)
 ParOldGen       total 159744K, used 59585K [0x00000000a0000000, 0x00000000a9c00000, 0x00000000e0000000)
  object space 159744K, 37% used [0x00000000a0000000,0x00000000a3a307e0,0x00000000a9c00000)
 Metaspace       used 85592K, capacity 89190K, committed 89432K, reserved 1126400K
  class space    used 11037K, capacity 11853K, committed 11904K, reserved 1048576K
}
Event: 204.638 GC heap before
{Heap before GC invocations=29 (full 3):
 PSYoungGen      total 209920K, used 197344K [0x00000000e0000000, 0x00000000f0500000, 0x0000000100000000)
  eden space 168448K, 100% used [0x00000000e0000000,0x00000000ea480000,0x00000000ea480000)
  from space 41472K, 69% used [0x00000000ea480000,0x00000000ec0b83f0,0x00000000ecd00000)
  to   space 43520K, 0% used [0x00000000eda80000,0x00000000eda80000,0x00000000f0500000)
 ParOldGen       total 159744K, used 59585K [0x00000000a0000000, 0x00000000a9c00000, 0x00000000e0000000)
  object space 159744K, 37% used [0x00000000a0000000,0x00000000a3a307e0,0x00000000a9c00000)
 Metaspace       used 86318K, capacity 90228K, committed 90328K, reserved 1128448K
  class space    used 11116K, capacity 12004K, committed 12032K, reserved 1048576K
Event: 204.674 GC heap after
Heap after GC invocations=29 (full 3):
 PSYoungGen      total 221696K, used 29573K [0x00000000e0000000, 0x00000000f0980000, 0x0000000100000000)
  eden space 178176K, 0% used [0x00000000e0000000,0x00000000e0000000,0x00000000eae00000)
  from space 43520K, 67% used [0x00000000eda80000,0x00000000ef7614c8,0x00000000f0500000)
  to   space 45568K, 0% used [0x00000000eae00000,0x00000000eae00000,0x00000000eda80000)
 ParOldGen       total 159744K, used 59593K [0x00000000a0000000, 0x00000000a9c00000, 0x00000000e0000000)
  object space 159744K, 37% used [0x00000000a0000000,0x00000000a3a327e0,0x00000000a9c00000)
 Metaspace       used 86318K, capacity 90228K, committed 90328K, reserved 1128448K
  class space    used 11116K, capacity 12004K, committed 12032K, reserved 1048576K
}
Event: 207.925 GC heap before
{Heap before GC invocations=30 (full 3):
 PSYoungGen      total 221696K, used 207749K [0x00000000e0000000, 0x00000000f0980000, 0x0000000100000000)
  eden space 178176K, 100% used [0x00000000e0000000,0x00000000eae00000,0x00000000eae00000)
  from space 43520K, 67% used [0x00000000eda80000,0x00000000ef7614c8,0x00000000f0500000)
  to   space 45568K, 0% used [0x00000000eae00000,0x00000000eae00000,0x00000000eda80000)
 ParOldGen       total 159744K, used 59593K [0x00000000a0000000, 0x00000000a9c00000, 0x00000000e0000000)
  object space 159744K, 37% used [0x00000000a0000000,0x00000000a3a327e0,0x00000000a9c00000)
 Metaspace       used 91736K, capacity 95700K, committed 95832K, reserved 1132544K
  class space    used 11716K, capacity 12612K, committed 12672K, reserved 1048576K
Event: 207.954 GC heap after
Heap after GC invocations=30 (full 3):
 PSYoungGen      total 223744K, used 41365K [0x00000000e0000000, 0x00000000f2180000, 0x0000000100000000)
  eden space 178176K, 0% used [0x00000000e0000000,0x00000000e0000000,0x00000000eae00000)
  from space 45568K, 90% used [0x00000000eae00000,0x00000000ed6657d8,0x00000000eda80000)
  to   space 51200K, 0% used [0x00000000eef80000,0x00000000eef80000,0x00000000f2180000)
 ParOldGen       total 159744K, used 59601K [0x00000000a0000000, 0x00000000a9c00000, 0x00000000e0000000)
  object space 159744K, 37% used [0x00000000a0000000,0x00000000a3a347e0,0x00000000a9c00000)
 Metaspace       used 91736K, capacity 95700K, committed 95832K, reserved 1132544K
  class space    used 11716K, capacity 12612K, committed 12672K, reserved 1048576K
}
Event: 212.127 GC heap before
{Heap before GC invocations=31 (full 3):
 PSYoungGen      total 223744K, used 196180K [0x00000000e0000000, 0x00000000f2180000, 0x0000000100000000)
  eden space 178176K, 86% used [0x00000000e0000000,0x00000000e972fa48,0x00000000eae00000)
  from space 45568K, 90% used [0x00000000eae00000,0x00000000ed6657d8,0x00000000eda80000)
  to   space 51200K, 0% used [0x00000000eef80000,0x00000000eef80000,0x00000000f2180000)
 ParOldGen       total 159744K, used 59601K [0x00000000a0000000, 0x00000000a9c00000, 0x00000000e0000000)
  object space 159744K, 37% used [0x00000000a0000000,0x00000000a3a347e0,0x00000000a9c00000)
 Metaspace       used 94221K, capacity 98258K, committed 98380K, reserved 1134592K
  class space    used 12017K, capacity 12957K, committed 13056K, reserved 1048576K
Event: 212.165 GC heap after
Heap after GC invocations=31 (full 3):
 PSYoungGen      total 240128K, used 44083K [0x00000000e0000000, 0x00000000f2d00000, 0x0000000100000000)
  eden space 188928K, 0% used [0x00000000e0000000,0x00000000e0000000,0x00000000eb880000)
  from space 51200K, 86% used [0x00000000eef80000,0x00000000f1a8cfa8,0x00000000f2180000)
  to   space 56320K, 0% used [0x00000000eb880000,0x00000000eb880000,0x00000000eef80000)
 ParOldGen       total 159744K, used 59609K [0x00000000a0000000, 0x00000000a9c00000, 0x00000000e0000000)
  object space 159744K, 37% used [0x00000000a0000000,0x00000000a3a367e0,0x00000000a9c00000)
 Metaspace       used 94221K, capacity 98258K, committed 98380K, reserved 1134592K
  class space    used 12017K, capacity 12957K, committed 13056K, reserved 1048576K
}
Event: 212.165 GC heap before
{Heap before GC invocations=32 (full 4):
 PSYoungGen      total 240128K, used 44083K [0x00000000e0000000, 0x00000000f2d00000, 0x0000000100000000)
  eden space 188928K, 0% used [0x00000000e0000000,0x00000000e0000000,0x00000000eb880000)
  from space 51200K, 86% used [0x00000000eef80000,0x00000000f1a8cfa8,0x00000000f2180000)
  to   space 56320K, 0% used [0x00000000eb880000,0x00000000eb880000,0x00000000eef80000)
 ParOldGen       total 159744K, used 59609K [0x00000000a0000000, 0x00000000a9c00000, 0x00000000e0000000)
  object space 159744K, 37% used [0x00000000a0000000,0x00000000a3a367e0,0x00000000a9c00000)
 Metaspace       used 94221K, capacity 98258K, committed 98380K, reserved 1134592K
  class space    used 12017K, capacity 12957K, committed 13056K, reserved 1048576K
Event: 212.442 GC heap after
Heap after GC invocations=32 (full 4):
 PSYoungGen      total 240128K, used 0K [0x00000000e0000000, 0x00000000f2d00000, 0x0000000100000000)
  eden space 188928K, 0% used [0x00000000e0000000,0x00000000e0000000,0x00000000eb880000)
  from space 51200K, 0% used [0x00000000eef80000,0x00000000eef80000,0x00000000f2180000)
  to   space 56320K, 0% used [0x00000000eb880000,0x00000000eb880000,0x00000000eef80000)
 ParOldGen       total 159744K, used 74796K [0x00000000a0000000, 0x00000000a9c00000, 0x00000000e0000000)
  object space 159744K, 46% used [0x00000000a0000000,0x00000000a490b088,0x00000000a9c00000)
 Metaspace       used 94100K, capacity 97892K, committed 98380K, reserved 1134592K
  class space    used 11980K, capacity 12911K, committed 13056K, reserved 1048576K
}

Deoptimization events (10 events):
Event: 213.568 Thread 0x000000001af5e800 Uncommon trap: reason=unstable_if action=reinterpret pc=0x0000000007cc8584 method=com.android.tools.r8.it.unimi.dsi.fastutil.ints.Int2ReferenceOpenHashMap.insert(ILjava/lang/Object;)I @ 58
Event: 213.605 Thread 0x000000001af5e800 Uncommon trap: reason=unstable_if action=reinterpret pc=0x0000000007cca970 method=com.android.tools.r8.it.unimi.dsi.fastutil.ints.Int2ReferenceOpenHashMap.insert(ILjava/lang/Object;)I @ 58
Event: 213.690 Thread 0x000000001af5e800 Uncommon trap: reason=range_check action=make_not_entrant pc=0x00000000070cb228 method=com.android.tools.r8.org.objectweb.asm.Type.getType([CI)Lcom/android/tools/r8/org/objectweb/asm/Type; @ 162
Event: 213.718 Thread 0x000000001af5e800 Uncommon trap: reason=unstable_if action=reinterpret pc=0x00000000083167a8 method=com.android.tools.r8.ir.conversion.JarState$Slot.isCategory1(Lcom/android/tools/r8/org/objectweb/asm/Type;)Z @ 4
Event: 213.719 Thread 0x000000001af5e800 Uncommon trap: reason=unstable_if action=reinterpret pc=0x00000000077d3a70 method=com.android.tools.r8.ir.code.ValueType.isWide()Z @ 4
Event: 213.881 Thread 0x000000001af5e800 Uncommon trap: reason=unstable_if action=reinterpret pc=0x00000000082f5504 method=com.android.tools.r8.ir.regalloc.LiveIntervals.getSplitCovering(I)Lcom/android/tools/r8/ir/regalloc/LiveIntervals; @ 35
Event: 213.894 Thread 0x000000001af5e800 Uncommon trap: reason=unstable_if action=reinterpret pc=0x0000000008316ad0 method=com.android.tools.r8.ir.regalloc.LiveIntervals.hasSplits()Z @ 9
Event: 213.907 Thread 0x000000001af5e800 Uncommon trap: reason=unstable_if action=reinterpret pc=0x0000000007cc7c54 method=com.android.tools.r8.ir.regalloc.LiveIntervals.hasSplits()Z @ 9
Event: 213.962 Thread 0x000000001af5e800 Uncommon trap: reason=unstable_if action=reinterpret pc=0x0000000008342c24 method=com.android.tools.r8.ir.code.ValueType.isWide()Z @ 11
Event: 214.107 Thread 0x000000001af5b800 Uncommon trap: reason=unstable_if action=reinterpret pc=0x0000000005ece9bc method=java.lang.StringBuffer.toString()Ljava/lang/String; @ 4

Classes redefined (0 events):
No events

Internal exceptions (10 events):
Event: 212.017 Thread 0x000000001ec63800 Exception <a 'sun/nio/fs/WindowsException'> (0x00000000e85e6a68) thrown at [D:\src\AOSP-openjdk-cygwin\jdk8u\hotspot\src\share\vm\prims\jni.cpp, line 709]
Event: 212.017 Thread 0x000000001ec63800 Exception <a 'sun/nio/fs/WindowsException'> (0x00000000e85e7fe8) thrown at [D:\src\AOSP-openjdk-cygwin\jdk8u\hotspot\src\share\vm\prims\jni.cpp, line 709]
Event: 212.030 Thread 0x000000001ec63800 Exception <a 'sun/nio/fs/WindowsException'> (0x00000000e86cfda0) thrown at [D:\src\AOSP-openjdk-cygwin\jdk8u\hotspot\src\share\vm\prims\jni.cpp, line 709]
Event: 212.030 Thread 0x000000001ec63800 Exception <a 'sun/nio/fs/WindowsException'> (0x00000000e86d0928) thrown at [D:\src\AOSP-openjdk-cygwin\jdk8u\hotspot\src\share\vm\prims\jni.cpp, line 709]
Event: 212.030 Thread 0x000000001ec63800 Exception <a 'sun/nio/fs/WindowsException'> (0x00000000e86d1ea8) thrown at [D:\src\AOSP-openjdk-cygwin\jdk8u\hotspot\src\share\vm\prims\jni.cpp, line 709]
Event: 212.036 Thread 0x000000001ec63800 Exception <a 'sun/nio/fs/WindowsException'> (0x00000000e8737bb0) thrown at [D:\src\AOSP-openjdk-cygwin\jdk8u\hotspot\src\share\vm\prims\jni.cpp, line 709]
Event: 212.036 Thread 0x000000001ec63800 Exception <a 'sun/nio/fs/WindowsException'> (0x00000000e8738738) thrown at [D:\src\AOSP-openjdk-cygwin\jdk8u\hotspot\src\share\vm\prims\jni.cpp, line 709]
Event: 212.036 Thread 0x000000001ec63800 Exception <a 'sun/nio/fs/WindowsException'> (0x00000000e8739cb8) thrown at [D:\src\AOSP-openjdk-cygwin\jdk8u\hotspot\src\share\vm\prims\jni.cpp, line 709]
Event: 212.756 Thread 0x000000001af5f000 Exception <a 'sun/nio/fs/WindowsException'> (0x00000000e27b2108) thrown at [D:\src\AOSP-openjdk-cygwin\jdk8u\hotspot\src\share\vm\prims\jni.cpp, line 709]
Event: 213.384 Thread 0x000000001af5e800 Implicit null exception at 0x0000000006a3badc to 0x0000000006a3bb31

Events (10 events):
Event: 214.126 loading class com/android/tools/r8/com/google/common/collect/Iterators$2
Event: 214.126 loading class com/android/tools/r8/com/google/common/collect/Iterators$2 done
Event: 214.126 loading class com/android/tools/r8/com/google/common/collect/Iterators$EmptyModifiableIterator
Event: 214.126 loading class com/android/tools/r8/com/google/common/collect/Iterators$EmptyModifiableIterator done
Event: 214.126 loading class com/android/tools/r8/com/google/common/collect/Iterators$7
Event: 214.126 loading class com/android/tools/r8/com/google/common/collect/Iterators$7 done
Event: 214.127 loading class com/android/tools/r8/dex/IndexedItemCollection
Event: 214.127 loading class com/android/tools/r8/dex/IndexedItemCollection done
Event: 214.127 loading class com/android/tools/r8/dex/IndexedItemCollection
Event: 214.127 loading class com/android/tools/r8/dex/IndexedItemCollection done


Dynamic libraries:
0x00007ff6330e0000 - 0x00007ff633111000 	E:\SOFTWARE\Android\Android Studio\jre\bin\java.exe
0x00007ffa1ccc0000 - 0x00007ffa1cea0000 	C:\WINDOWS\SYSTEM32\ntdll.dll
0x00007ffa1b4f0000 - 0x00007ffa1b59e000 	C:\WINDOWS\System32\KERNEL32.DLL
0x00007ffa19110000 - 0x00007ffa19376000 	C:\WINDOWS\System32\KERNELBASE.dll
0x00007ffa1a700000 - 0x00007ffa1a7a1000 	C:\WINDOWS\System32\ADVAPI32.dll
0x00007ffa1a350000 - 0x00007ffa1a3ed000 	C:\WINDOWS\System32\msvcrt.dll
0x00007ffa1b6e0000 - 0x00007ffa1b73b000 	C:\WINDOWS\System32\sechost.dll
0x00007ffa1a190000 - 0x00007ffa1a2af000 	C:\WINDOWS\System32\RPCRT4.dll
0x00007ffa1a470000 - 0x00007ffa1a5ff000 	C:\WINDOWS\System32\USER32.dll
0x00007ffa19f40000 - 0x00007ffa19f60000 	C:\WINDOWS\System32\win32u.dll
0x00007ffa1b4c0000 - 0x00007ffa1b4e8000 	C:\WINDOWS\System32\GDI32.dll
0x00007ffa19c70000 - 0x00007ffa19e03000 	C:\WINDOWS\System32\gdi32full.dll
0x00007ffa19380000 - 0x00007ffa1941b000 	C:\WINDOWS\System32\msvcp_win.dll
0x00007ffa19420000 - 0x00007ffa19516000 	C:\WINDOWS\System32\ucrtbase.dll
0x00007ffa11ba0000 - 0x00007ffa11e09000 	C:\WINDOWS\WinSxS\amd64_microsoft.windows.common-controls_6595b64144ccf1df_6.0.16299.309_none_15cfd4c4935e6b11\COMCTL32.dll
0x00007ffa1afc0000 - 0x00007ffa1b2c8000 	C:\WINDOWS\System32\combase.dll
0x00007ffa19e10000 - 0x00007ffa19e82000 	C:\WINDOWS\System32\bcryptPrimitives.dll
0x00007ffa1a2b0000 - 0x00007ffa1a2dd000 	C:\WINDOWS\System32\IMM32.DLL
0x000000006a0a0000 - 0x000000006a172000 	E:\SOFTWARE\Android\Android Studio\jre\jre\bin\msvcr100.dll
0x000000006a280000 - 0x000000006aabf000 	E:\SOFTWARE\Android\Android Studio\jre\jre\bin\server\jvm.dll
0x00007ffa1b2d0000 - 0x00007ffa1b2d8000 	C:\WINDOWS\System32\PSAPI.DLL
0x00007ffa13ed0000 - 0x00007ffa13eda000 	C:\WINDOWS\SYSTEM32\VERSION.dll
0x00007ffa15de0000 - 0x00007ffa15e03000 	C:\WINDOWS\SYSTEM32\WINMM.dll
0x00007ffa0b6f0000 - 0x00007ffa0b6f9000 	C:\WINDOWS\SYSTEM32\WSOCK32.dll
0x00007ffa1b5a0000 - 0x00007ffa1b60c000 	C:\WINDOWS\System32\WS2_32.dll
0x00007ffa15db0000 - 0x00007ffa15dda000 	C:\WINDOWS\SYSTEM32\WINMMBASE.dll
0x00007ffa190c0000 - 0x00007ffa1910a000 	C:\WINDOWS\System32\cfgmgr32.dll
0x00007ffa15c70000 - 0x00007ffa15c7f000 	E:\SOFTWARE\Android\Android Studio\jre\jre\bin\verify.dll
0x00007ffa15c40000 - 0x00007ffa15c69000 	E:\SOFTWARE\Android\Android Studio\jre\jre\bin\java.dll
0x00007ffa15ad0000 - 0x00007ffa15ae6000 	E:\SOFTWARE\Android\Android Studio\jre\jre\bin\zip.dll
0x00007ffa1b850000 - 0x00007ffa1cc86000 	C:\WINDOWS\System32\SHELL32.dll
0x00007ffa1a7b0000 - 0x00007ffa1a856000 	C:\WINDOWS\System32\shcore.dll
0x00007ffa19520000 - 0x00007ffa19c67000 	C:\WINDOWS\System32\windows.storage.dll
0x00007ffa1a2f0000 - 0x00007ffa1a341000 	C:\WINDOWS\System32\shlwapi.dll
0x00007ffa190a0000 - 0x00007ffa190b1000 	C:\WINDOWS\System32\kernel.appcore.dll
0x00007ffa19030000 - 0x00007ffa1907c000 	C:\WINDOWS\System32\powrprof.dll
0x00007ffa19010000 - 0x00007ffa1902b000 	C:\WINDOWS\System32\profapi.dll
0x00007ffa0dee0000 - 0x00007ffa0defa000 	E:\SOFTWARE\Android\Android Studio\jre\jre\bin\net.dll
0x00007ffa18840000 - 0x00007ffa188a6000 	C:\WINDOWS\system32\mswsock.dll
0x00007ffa0dec0000 - 0x00007ffa0ded1000 	E:\SOFTWARE\Android\Android Studio\jre\jre\bin\nio.dll
0x00007ff9fa8b0000 - 0x00007ff9fa8ce000 	C:\Users\Chau Milano\.gradle\native\25\windows-amd64\native-platform.dll
0x00007ffa15c30000 - 0x00007ffa15c3d000 	E:\SOFTWARE\Android\Android Studio\jre\jre\bin\management.dll
0x00007ffa18a00000 - 0x00007ffa18a17000 	C:\WINDOWS\SYSTEM32\CRYPTSP.dll
0x00007ffa18440000 - 0x00007ffa18473000 	C:\WINDOWS\system32\rsaenh.dll
0x00007ffa18b70000 - 0x00007ffa18b95000 	C:\WINDOWS\SYSTEM32\bcrypt.dll
0x00007ffa18f40000 - 0x00007ffa18f69000 	C:\WINDOWS\SYSTEM32\USERENV.dll
0x00007ffa18a20000 - 0x00007ffa18a2b000 	C:\WINDOWS\SYSTEM32\CRYPTBASE.dll
0x00007ffa185d0000 - 0x00007ffa18609000 	C:\WINDOWS\SYSTEM32\IPHLPAPI.DLL
0x00007ffa1a2e0000 - 0x00007ffa1a2e8000 	C:\WINDOWS\System32\NSI.dll
0x00007ffa0f6c0000 - 0x00007ffa0f6d6000 	C:\WINDOWS\SYSTEM32\dhcpcsvc6.DLL
0x00007ffa0f6a0000 - 0x00007ffa0f6ba000 	C:\WINDOWS\SYSTEM32\dhcpcsvc.DLL
0x00007ff9fa730000 - 0x00007ff9fa754000 	E:\SOFTWARE\Android\Android Studio\jre\jre\bin\sunec.dll
0x00007ffa18610000 - 0x00007ffa186c6000 	C:\WINDOWS\SYSTEM32\DNSAPI.dll
0x000000006c080000 - 0x000000006c0a6000 	C:\Program Files\Bonjour\mdnsNSP.dll
0x00007ffa0f0b0000 - 0x00007ffa0f0ba000 	C:\Windows\System32\rasadhlp.dll
0x00007ffa0ed10000 - 0x00007ffa0ed80000 	C:\WINDOWS\System32\fwpuclnt.dll
0x00007ffa150e0000 - 0x00007ffa150eb000 	E:\SOFTWARE\Android\Android Studio\jre\jre\bin\sunmscapi.dll
0x00007ffa19f60000 - 0x00007ffa1a12e000 	C:\WINDOWS\System32\CRYPT32.dll
0x00007ffa19080000 - 0x00007ffa19092000 	C:\WINDOWS\System32\MSASN1.dll
0x00007ffa171f0000 - 0x00007ffa17278000 	C:\WINDOWS\system32\apphelp.dll

VM Arguments:
jvm_args: -Xmx1536m -Dfile.encoding=windows-1252 -Duser.country=US -Duser.language=en -Duser.variant 
java_command: org.gradle.launcher.daemon.bootstrap.GradleDaemon 4.4
java_class_path (initial): C:\Users\Chau Milano\.gradle\wrapper\dists\gradle-4.4-all\9br9xq1tocpiv8o6njlyu5op1\gradle-4.4\lib\gradle-launcher-4.4.jar
Launcher Type: SUN_STANDARD

Environment Variables:
PATH=C:\Program Files\Microsoft MPI\Bin\;C:\ProgramData\Oracle\Java\javapath;C:\Windows\system32;C:\Windows;C:\Windows\System32\Wbem;C:\Windows\System32\WindowsPowerShell\v1.0\;C:\Program Files (x86)\MySQL\MySQL Fabric 1.5 & MySQL Utilities 1.5\;C:\Program Files (x86)\MySQL\MySQL Fabric 1.5 & MySQL Utilities 1.5\Doctrine extensions for PHP\;C:\Program Files\Microsoft SQL Server\110\Tools\Binn\;C:\Users\Chau Milano\.dnx\bin;C:\Program Files\Microsoft DNX\Dnvm\;C:\Program Files\Microsoft SQL Server\130\Tools\Binn\;C:\WINDOWS\system32;C:\WINDOWS;C:\WINDOWS\System32\Wbem;C:\WINDOWS\System32\WindowsPowerShell\v1.0\;C:\Program Files (x86)\NVIDIA Corporation\PhysX\Common;C:\Program Files\PuTTY\;E:\SOFTWARE\Bitvise SSH Client;C:\WINDOWS\system32;C:\WINDOWS;C:\WINDOWS\System32\Wbem;C:\WINDOWS\System32\WindowsPowerShell\v1.0\;E:\SOFTWARE\Git\cmd;C:\Program Files\dotnet\;C:\Program Files (x86)\Microsoft SQL Server\140\Tools\Binn\;C:\Program Files\Microsoft SQL Server\140\Tools\Binn\;C:\Program Files (x86)\Microsoft SQL Server\140\DTS\Binn\;C:\Program Files\Microsoft SQL Server\140\DTS\Binn\;C:\Program Files\Microsoft SQL Server\Client SDK\ODBC\130\Tools\Binn\;C:\Program Files (x86)\Microsoft SQL Server\Client SDK\ODBC\130\Tools\Binn\;C:\Program Files (x86)\Microsoft SQL Server\140\Tools\Binn\ManagementStudio\;E:\SOFTWARE\Python\Python35-32\Scripts\;E:\SOFTWARE\Python\Python35-32\;%USERPROFILE%\AppData\Local\Microsoft\WindowsApps;
USERNAME=Chau Milano
OS=Windows_NT
PROCESSOR_IDENTIFIER=Intel64 Family 6 Model 60 Stepping 3, GenuineIntel



---------------  S Y S T E M  ---------------

OS: Windows 10.0 , 64 bit Build 16299 (10.0.16299.15)

CPU:total 4 (initial active 4) (4 cores per cpu, 1 threads per core) family 6 model 60 stepping 3, cmov, cx8, fxsr, mmx, sse, sse2, sse3, ssse3, sse4.1, sse4.2, popcnt, avx, avx2, aes, clmul, erms, lzcnt, tsc, tscinvbit, bmi1, bmi2

Memory: 4k page, physical 8314884k(455904k free), swap 12509188k(11624k free)

vm_info: OpenJDK 64-Bit Server VM (25.152-b02) for windows-amd64 JRE (1.8.0_152-release-1024-b02), built by "builder" with MS VC++ 10.0 (VS2010)

time: Sat Apr 07 22:20:11 2018
elapsed time: 214 seconds (0d 0h 3m 34s)

