#
# There is insufficient memory for the Java Runtime Environment to continue.
# Native memory allocation (malloc) failed to allocate 923136 bytes for Chunk::new
# Possible reasons:
#   The system is out of physical RAM or swap space
#   In 32 bit mode, the process size limit was hit
# Possible solutions:
#   Reduce memory load on the system
#   Increase physical memory or swap space
#   Check if swap backing store is full
#   Use 64 bit Java on a 64 bit OS
#   Decrease Java heap size (-Xmx/-Xms)
#   Decrease number of Java threads
#   Decrease Java thread stack sizes (-Xss)
#   Set larger code cache with -XX:ReservedCodeCacheSize=
# This output file may be truncated or incomplete.
#
#  Out of Memory Error (allocation.cpp:390), pid=1716, tid=0x00000000000005c4
#
# JRE version: OpenJDK Runtime Environment (8.0_152-b02) (build 1.8.0_152-release-1024-b02)
# Java VM: OpenJDK 64-Bit Server VM (25.152-b02 mixed mode windows-amd64 compressed oops)
# Failed to write core dump. Minidumps are not enabled by default on client versions of Windows
#

---------------  T H R E A D  ---------------

Current thread (0x00000000189c2000):  JavaThread "C2 CompilerThread1" daemon [_thread_in_native, id=1476, stack(0x000000001a210000,0x000000001a310000)]

Stack: [0x000000001a210000,0x000000001a310000]
[error occurred during error reporting (printing stack bounds), id 0xc0000005]

Native frames: (J=compiled Java code, j=interpreted, Vv=VM code, C=native code)


Current CompileTask:
C2:   1851 1482   !   4       java.net.URLClassLoader$1::run (63 bytes)


---------------  P R O C E S S  ---------------

Java Threads: ( => current thread )
  0x000000001d9ce000 JavaThread "Cache worker for file hash cache (E:\Chau Milano\Android Project\SourceCode\.gradle\4.4\fileHashes)" [_thread_blocked, id=6248, stack(0x000000001e8d0000,0x000000001e9d0000)]
  0x000000001bd9c000 JavaThread "File lock request listener" [_thread_in_native, id=10660, stack(0x000000001d800000,0x000000001d900000)]
  0x000000001bc50000 JavaThread "Cache worker for file hash cache (C:\Users\Chau Milano\.gradle\caches\4.4\fileHashes)" [_thread_blocked, id=13552, stack(0x000000001d700000,0x000000001d800000)]
  0x000000001be56000 JavaThread "Stdin handler" [_thread_blocked, id=5760, stack(0x000000001d400000,0x000000001d500000)]
  0x000000001be37000 JavaThread "Asynchronous log dispatcher for DefaultDaemonConnection: socket connection from /127.0.0.1:58603 to /127.0.0.1:58604" [_thread_blocked, id=15208, stack(0x000000001d300000,0x000000001d400000)]
  0x000000001bacc000 JavaThread "Daemon worker" [_thread_in_Java, id=13908, stack(0x000000001d200000,0x000000001d300000)]
  0x000000001bacb800 JavaThread "Cancel handler" [_thread_blocked, id=4148, stack(0x000000001d100000,0x000000001d200000)]
  0x000000001ba35800 JavaThread "Handler for socket connection from /127.0.0.1:58603 to /127.0.0.1:58604" [_thread_in_native, id=2320, stack(0x000000001ce00000,0x000000001cf00000)]
  0x000000001ba34000 JavaThread "Daemon" [_thread_blocked, id=3888, stack(0x000000001cd00000,0x000000001ce00000)]
  0x000000001ba21000 JavaThread "Daemon periodic checks" [_thread_blocked, id=12320, stack(0x000000001cc00000,0x000000001cd00000)]
  0x000000001b832800 JavaThread "Incoming local TCP Connector on port 58603" [_thread_in_native, id=17132, stack(0x000000001c720000,0x000000001c820000)]
  0x000000001a440800 JavaThread "Service Thread" daemon [_thread_blocked, id=7420, stack(0x000000001a810000,0x000000001a910000)]
  0x00000000189d1800 JavaThread "C1 CompilerThread2" daemon [_thread_blocked, id=12120, stack(0x000000001a310000,0x000000001a410000)]
=>0x00000000189c2000 JavaThread "C2 CompilerThread1" daemon [_thread_in_native, id=1476, stack(0x000000001a210000,0x000000001a310000)]
  0x00000000189be000 JavaThread "C2 CompilerThread0" daemon [_thread_in_native, id=15580, stack(0x000000001a110000,0x000000001a210000)]
  0x00000000189bd000 JavaThread "Attach Listener" daemon [_thread_blocked, id=11296, stack(0x000000001a010000,0x000000001a110000)]
  0x00000000189bb800 JavaThread "Signal Dispatcher" daemon [_thread_blocked, id=12032, stack(0x0000000019f10000,0x000000001a010000)]
  0x00000000189a6800 JavaThread "Finalizer" daemon [_thread_blocked, id=4728, stack(0x0000000019c20000,0x0000000019d20000)]
  0x0000000005044000 JavaThread "Reference Handler" daemon [_thread_blocked, id=11888, stack(0x0000000019b20000,0x0000000019c20000)]
  0x0000000004f52800 JavaThread "main" [_thread_blocked, id=8704, stack(0x0000000004e50000,0x0000000004f50000)]

Other Threads:
  0x0000000018985000 VMThread [stack: 0x0000000019a20000,0x0000000019b20000] [id=12024]
  0x000000001a445000 WatcherThread [stack: 0x000000001a910000,0x000000001aa10000] [id=15356]

VM state:not at safepoint (normal execution)

VM Mutex/Monitor currently owned by a thread: None

Heap:
 PSYoungGen      total 38400K, used 21499K [0x00000000e0000000, 0x00000000e2a80000, 0x0000000100000000)
  eden space 33280K, 49% used [0x00000000e0000000,0x00000000e1004330,0x00000000e2080000)
  from space 5120K, 99% used [0x00000000e2080000,0x00000000e257ac50,0x00000000e2580000)
  to   space 5120K, 0% used [0x00000000e2580000,0x00000000e2580000,0x00000000e2a80000)
 ParOldGen       total 87552K, used 2089K [0x00000000a0000000, 0x00000000a5580000, 0x00000000e0000000)
  object space 87552K, 2% used [0x00000000a0000000,0x00000000a020a720,0x00000000a5580000)
 Metaspace       used 15782K, capacity 16118K, committed 16256K, reserved 1062912K
  class space    used 2243K, capacity 2379K, committed 2432K, reserved 1048576K

Card table byte_map: [0x0000000014410000,0x0000000014720000] byte_map_base: 0x0000000013f10000

Marking Bits: (ParMarkBitMap*) 0x000000006aa44970
 Begin Bits: [0x0000000014d20000, 0x0000000016520000)
 End Bits:   [0x0000000016520000, 0x0000000017d20000)

Polling page: 0x0000000000df0000

CodeCache: size=245760Kb used=5021Kb max_used=5021Kb free=240738Kb
 bounds [0x0000000005050000, 0x0000000005540000, 0x0000000014050000]
 total_blobs=1861 nmethods=1488 adapters=286
 compilation: enabled

Compilation events (10 events):
Event: 1.811 Thread 0x00000000189d1800 1487       3       java.util.HashMap::afterNodeRemoval (1 bytes)
Event: 1.811 Thread 0x00000000189d1800 nmethod 1487 0x0000000005537250 code [0x00000000055373a0, 0x00000000055374f0]
Event: 1.815 Thread 0x00000000189d1800 1488       3       sun.nio.cs.ThreadLocalCoders$Cache::forName (108 bytes)
Event: 1.816 Thread 0x00000000189d1800 nmethod 1488 0x0000000005537550 code [0x00000000055377c0, 0x0000000005538b58]
Event: 1.820 Thread 0x00000000189d1800 1489       3       org.gradle.internal.service.DefaultServiceRegistry$ParentServices::wrap (10 bytes)
Event: 1.821 Thread 0x00000000189d1800 nmethod 1489 0x0000000005539390 code [0x0000000005539500, 0x0000000005539790]
Event: 1.821 Thread 0x00000000189d1800 1491       3       java.util.IdentityHashMap::maskNull (12 bytes)
Event: 1.821 Thread 0x00000000189d1800 nmethod 1491 0x0000000005539890 code [0x00000000055399e0, 0x0000000005539b70]
Event: 1.821 Thread 0x00000000189d1800 1490       3       org.gradle.internal.service.DefaultServiceRegistry$ParentServices$1::<init> (15 bytes)
Event: 1.821 Thread 0x00000000189d1800 nmethod 1490 0x0000000005539bd0 code [0x0000000005539d20, 0x0000000005539ef0]

GC Heap History (6 events):
Event: 0.568 GC heap before
{Heap before GC invocations=1 (full 0):
 PSYoungGen      total 38400K, used 33280K [0x00000000e0000000, 0x00000000e2a80000, 0x0000000100000000)
  eden space 33280K, 100% used [0x00000000e0000000,0x00000000e2080000,0x00000000e2080000)
  from space 5120K, 0% used [0x00000000e2580000,0x00000000e2580000,0x00000000e2a80000)
  to   space 5120K, 0% used [0x00000000e2080000,0x00000000e2080000,0x00000000e2580000)
 ParOldGen       total 87552K, used 0K [0x00000000a0000000, 0x00000000a5580000, 0x00000000e0000000)
  object space 87552K, 0% used [0x00000000a0000000,0x00000000a0000000,0x00000000a5580000)
 Metaspace       used 6599K, capacity 6766K, committed 7040K, reserved 1056768K
  class space    used 803K, capacity 875K, committed 896K, reserved 1048576K
Event: 0.573 GC heap after
Heap after GC invocations=1 (full 0):
 PSYoungGen      total 38400K, used 4056K [0x00000000e0000000, 0x00000000e2a80000, 0x0000000100000000)
  eden space 33280K, 0% used [0x00000000e0000000,0x00000000e0000000,0x00000000e2080000)
  from space 5120K, 79% used [0x00000000e2080000,0x00000000e2476018,0x00000000e2580000)
  to   space 5120K, 0% used [0x00000000e2580000,0x00000000e2580000,0x00000000e2a80000)
 ParOldGen       total 87552K, used 8K [0x00000000a0000000, 0x00000000a5580000, 0x00000000e0000000)
  object space 87552K, 0% used [0x00000000a0000000,0x00000000a0002000,0x00000000a5580000)
 Metaspace       used 6599K, capacity 6766K, committed 7040K, reserved 1056768K
  class space    used 803K, capacity 875K, committed 896K, reserved 1048576K
}
Event: 1.357 GC heap before
{Heap before GC invocations=2 (full 0):
 PSYoungGen      total 38400K, used 37336K [0x00000000e0000000, 0x00000000e2a80000, 0x0000000100000000)
  eden space 33280K, 100% used [0x00000000e0000000,0x00000000e2080000,0x00000000e2080000)
  from space 5120K, 79% used [0x00000000e2080000,0x00000000e2476018,0x00000000e2580000)
  to   space 5120K, 0% used [0x00000000e2580000,0x00000000e2580000,0x00000000e2a80000)
 ParOldGen       total 87552K, used 8K [0x00000000a0000000, 0x00000000a5580000, 0x00000000e0000000)
  object space 87552K, 0% used [0x00000000a0000000,0x00000000a0002000,0x00000000a5580000)
 Metaspace       used 10834K, capacity 11080K, committed 11264K, reserved 1058816K
  class space    used 1428K, capacity 1518K, committed 1536K, reserved 1048576K
Event: 1.361 GC heap after
Heap after GC invocations=2 (full 0):
 PSYoungGen      total 38400K, used 5099K [0x00000000e0000000, 0x00000000e2a80000, 0x0000000100000000)
  eden space 33280K, 0% used [0x00000000e0000000,0x00000000e0000000,0x00000000e2080000)
  from space 5120K, 99% used [0x00000000e2580000,0x00000000e2a7ac38,0x00000000e2a80000)
  to   space 5120K, 0% used [0x00000000e2080000,0x00000000e2080000,0x00000000e2580000)
 ParOldGen       total 87552K, used 201K [0x00000000a0000000, 0x00000000a5580000, 0x00000000e0000000)
  object space 87552K, 0% used [0x00000000a0000000,0x00000000a0032478,0x00000000a5580000)
 Metaspace       used 10834K, capacity 11080K, committed 11264K, reserved 1058816K
  class space    used 1428K, capacity 1518K, committed 1536K, reserved 1048576K
}
Event: 1.652 GC heap before
{Heap before GC invocations=3 (full 0):
 PSYoungGen      total 38400K, used 38379K [0x00000000e0000000, 0x00000000e2a80000, 0x0000000100000000)
  eden space 33280K, 100% used [0x00000000e0000000,0x00000000e2080000,0x00000000e2080000)
  from space 5120K, 99% used [0x00000000e2580000,0x00000000e2a7ac38,0x00000000e2a80000)
  to   space 5120K, 0% used [0x00000000e2080000,0x00000000e2080000,0x00000000e2580000)
 ParOldGen       total 87552K, used 201K [0x00000000a0000000, 0x00000000a5580000, 0x00000000e0000000)
  object space 87552K, 0% used [0x00000000a0000000,0x00000000a0032478,0x00000000a5580000)
 Metaspace       used 14264K, capacity 14582K, committed 14720K, reserved 1062912K
  class space    used 1991K, capacity 2123K, committed 2176K, reserved 1048576K
Event: 1.658 GC heap after
Heap after GC invocations=3 (full 0):
 PSYoungGen      total 38400K, used 5099K [0x00000000e0000000, 0x00000000e2a80000, 0x0000000100000000)
  eden space 33280K, 0% used [0x00000000e0000000,0x00000000e0000000,0x00000000e2080000)
  from space 5120K, 99% used [0x00000000e2080000,0x00000000e257ac50,0x00000000e2580000)
  to   space 5120K, 0% used [0x00000000e2580000,0x00000000e2580000,0x00000000e2a80000)
 ParOldGen       total 87552K, used 2089K [0x00000000a0000000, 0x00000000a5580000, 0x00000000e0000000)
  object space 87552K, 2% used [0x00000000a0000000,0x00000000a020a720,0x00000000a5580000)
 Metaspace       used 14264K, capacity 14582K, committed 14720K, reserved 1062912K
  class space    used 1991K, capacity 2123K, committed 2176K, reserved 1048576K
}

Deoptimization events (10 events):
Event: 0.761 Thread 0x0000000004f52800 Uncommon trap: reason=bimorphic action=maybe_recompile pc=0x00000000052f097c method=java.util.HashMap.putVal(ILjava/lang/Object;Ljava/lang/Object;ZZ)Ljava/lang/Object; @ 91
Event: 0.885 Thread 0x0000000004f52800 Uncommon trap: reason=bimorphic action=maybe_recompile pc=0x0000000005389318 method=java.util.HashMap.putVal(ILjava/lang/Object;Ljava/lang/Object;ZZ)Ljava/lang/Object; @ 203
Event: 1.006 Thread 0x0000000004f52800 Uncommon trap: reason=unstable_if action=reinterpret pc=0x000000000533db40 method=java.io.WinNTFileSystem.normalize(Ljava/lang/String;)Ljava/lang/String; @ 128
Event: 1.006 Thread 0x0000000004f52800 Uncommon trap: reason=unstable_if action=reinterpret pc=0x000000000537bf58 method=java.io.WinNTFileSystem.normalize(Ljava/lang/String;II)Ljava/lang/String; @ 90
Event: 1.390 Thread 0x000000001ba35800 Uncommon trap: reason=unstable_if action=reinterpret pc=0x00000000053f3120 method=java.util.concurrent.ConcurrentHashMap.putVal(Ljava/lang/Object;Ljava/lang/Object;Z)Ljava/lang/Object; @ 206
Event: 1.437 Thread 0x000000001bacc000 Uncommon trap: reason=bimorphic action=maybe_recompile pc=0x0000000005388c24 method=java.util.HashMap.putVal(ILjava/lang/Object;Ljava/lang/Object;ZZ)Ljava/lang/Object; @ 253
Event: 1.437 Thread 0x000000001bacc000 Uncommon trap: reason=bimorphic action=maybe_recompile pc=0x0000000005388c24 method=java.util.HashMap.putVal(ILjava/lang/Object;Ljava/lang/Object;ZZ)Ljava/lang/Object; @ 253
Event: 1.446 Thread 0x000000001bacc000 Uncommon trap: reason=class_check action=maybe_recompile pc=0x00000000052d6e1c method=java.util.regex.Matcher.match(II)Z @ 86
Event: 1.622 Thread 0x000000001bacc000 Uncommon trap: reason=class_check action=maybe_recompile pc=0x00000000052d6e1c method=java.util.regex.Matcher.match(II)Z @ 86
Event: 1.675 Thread 0x000000001bacc000 Uncommon trap: reason=unstable_if action=reinterpret pc=0x00000000054c21b4 method=java.lang.String.lastIndexOf([CII[CIII)I @ 66

Classes redefined (0 events):
No events

Internal exceptions (10 events):
Event: 1.400 Thread 0x000000001ba35800 Exception <a 'java/lang/NoSuchMethodError': <clinit>> (0x00000000e0244228) thrown at [D:\src\AOSP-openjdk-cygwin\jdk8u\hotspot\src\share\vm\prims\jni.cpp, line 1613]
Event: 1.401 Thread 0x000000001ba35800 Exception <a 'java/lang/NoSuchMethodError': <clinit>> (0x00000000e024ccf0) thrown at [D:\src\AOSP-openjdk-cygwin\jdk8u\hotspot\src\share\vm\prims\jni.cpp, line 1613]
Event: 1.402 Thread 0x000000001ba35800 Exception <a 'java/lang/NoSuchMethodError': <clinit>> (0x00000000e025e4d0) thrown at [D:\src\AOSP-openjdk-cygwin\jdk8u\hotspot\src\share\vm\prims\jni.cpp, line 1613]
Event: 1.408 Thread 0x000000001ba35800 Exception <a 'java/lang/NoSuchMethodError': <clinit>> (0x00000000e02c3728) thrown at [D:\src\AOSP-openjdk-cygwin\jdk8u\hotspot\src\share\vm\prims\jni.cpp, line 1613]
Event: 1.410 Thread 0x000000001ba35800 Exception <a 'java/lang/NoSuchMethodError': <clinit>> (0x00000000e02e70c8) thrown at [D:\src\AOSP-openjdk-cygwin\jdk8u\hotspot\src\share\vm\prims\jni.cpp, line 1613]
Event: 1.413 Thread 0x000000001ba35800 Exception <a 'java/lang/NoSuchMethodError': <clinit>> (0x00000000e0311238) thrown at [D:\src\AOSP-openjdk-cygwin\jdk8u\hotspot\src\share\vm\prims\jni.cpp, line 1613]
Event: 1.414 Thread 0x000000001ba35800 Exception <a 'java/lang/NoSuchMethodError': <clinit>> (0x00000000e031ee78) thrown at [D:\src\AOSP-openjdk-cygwin\jdk8u\hotspot\src\share\vm\prims\jni.cpp, line 1613]
Event: 1.416 Thread 0x000000001ba35800 Exception <a 'java/lang/NoSuchMethodError': <clinit>> (0x00000000e0343fa0) thrown at [D:\src\AOSP-openjdk-cygwin\jdk8u\hotspot\src\share\vm\prims\jni.cpp, line 1613]
Event: 1.430 Thread 0x000000001bacc000 Exception <a 'java/lang/NoSuchMethodError': <clinit>> (0x00000000e048cc28) thrown at [D:\src\AOSP-openjdk-cygwin\jdk8u\hotspot\src\share\vm\prims\jni.cpp, line 1613]
Event: 1.431 Thread 0x000000001bacc000 Exception <a 'java/lang/NoSuchMethodError': <clinit>> (0x00000000e0494eb0) thrown at [D:\src\AOSP-openjdk-cygwin\jdk8u\hotspot\src\share\vm\prims\jni.cpp, line 1613]

Events (10 events):
Event: 1.827 loading class org/gradle/api/internal/artifacts/ivyservice/ivyresolve/ModuleComponentRepository
Event: 1.827 loading class org/gradle/api/internal/artifacts/ivyservice/ivyresolve/ModuleComponentRepository done
Event: 1.827 loading class org/gradle/api/internal/artifacts/ivyservice/resolutionstrategy/ExternalResourceCachePolicy
Event: 1.827 loading class org/gradle/api/internal/artifacts/ivyservice/resolutionstrategy/ExternalResourceCachePolicy done
Event: 1.828 loading class org/gradle/api/internal/artifacts/repositories/transport/RepositoryTransport
Event: 1.828 loading class org/gradle/api/internal/artifacts/repositories/transport/RepositoryTransport done
Event: 1.828 loading class org/gradle/internal/resource/connector/ResourceConnectorSpecification
Event: 1.828 loading class org/gradle/internal/resource/connector/ResourceConnectorSpecification done
Event: 1.828 loading class org/gradle/api/internal/artifacts/repositories/transport/RepositoryTransportFactory$DefaultResourceConnectorSpecification
Event: 1.828 loading class org/gradle/api/internal/artifacts/repositories/transport/RepositoryTransportFactory$DefaultResourceConnectorSpecification done


Dynamic libraries:
0x00007ff6330e0000 - 0x00007ff633111000 	E:\SOFTWARE\Android\Android Studio\jre\bin\java.exe
0x00007ffa1ccc0000 - 0x00007ffa1cea0000 	C:\WINDOWS\SYSTEM32\ntdll.dll
0x00007ffa1b4f0000 - 0x00007ffa1b59e000 	C:\WINDOWS\System32\KERNEL32.DLL
0x00007ffa19110000 - 0x00007ffa19376000 	C:\WINDOWS\System32\KERNELBASE.dll
0x00007ffa1a700000 - 0x00007ffa1a7a1000 	C:\WINDOWS\System32\ADVAPI32.dll
0x00007ffa1a350000 - 0x00007ffa1a3ed000 	C:\WINDOWS\System32\msvcrt.dll
0x00007ffa1b6e0000 - 0x00007ffa1b73b000 	C:\WINDOWS\System32\sechost.dll
0x00007ffa1a190000 - 0x00007ffa1a2af000 	C:\WINDOWS\System32\RPCRT4.dll
0x00007ffa1a470000 - 0x00007ffa1a5ff000 	C:\WINDOWS\System32\USER32.dll
0x00007ffa19f40000 - 0x00007ffa19f60000 	C:\WINDOWS\System32\win32u.dll
0x00007ffa1b4c0000 - 0x00007ffa1b4e8000 	C:\WINDOWS\System32\GDI32.dll
0x00007ffa19c70000 - 0x00007ffa19e03000 	C:\WINDOWS\System32\gdi32full.dll
0x00007ffa19380000 - 0x00007ffa1941b000 	C:\WINDOWS\System32\msvcp_win.dll
0x00007ffa19420000 - 0x00007ffa19516000 	C:\WINDOWS\System32\ucrtbase.dll
0x00007ffa11ba0000 - 0x00007ffa11e09000 	C:\WINDOWS\WinSxS\amd64_microsoft.windows.common-controls_6595b64144ccf1df_6.0.16299.309_none_15cfd4c4935e6b11\COMCTL32.dll
0x00007ffa1afc0000 - 0x00007ffa1b2c8000 	C:\WINDOWS\System32\combase.dll
0x00007ffa19e10000 - 0x00007ffa19e82000 	C:\WINDOWS\System32\bcryptPrimitives.dll
0x00007ffa1a2b0000 - 0x00007ffa1a2dd000 	C:\WINDOWS\System32\IMM32.DLL
0x000000006a0a0000 - 0x000000006a172000 	E:\SOFTWARE\Android\Android Studio\jre\jre\bin\msvcr100.dll
0x000000006a280000 - 0x000000006aabf000 	E:\SOFTWARE\Android\Android Studio\jre\jre\bin\server\jvm.dll
0x00007ffa1b2d0000 - 0x00007ffa1b2d8000 	C:\WINDOWS\System32\PSAPI.DLL
0x00007ffa13ed0000 - 0x00007ffa13eda000 	C:\WINDOWS\SYSTEM32\VERSION.dll
0x00007ffa15de0000 - 0x00007ffa15e03000 	C:\WINDOWS\SYSTEM32\WINMM.dll
0x00007ffa0b6f0000 - 0x00007ffa0b6f9000 	C:\WINDOWS\SYSTEM32\WSOCK32.dll
0x00007ffa1b5a0000 - 0x00007ffa1b60c000 	C:\WINDOWS\System32\WS2_32.dll
0x00007ffa15db0000 - 0x00007ffa15dda000 	C:\WINDOWS\SYSTEM32\WINMMBASE.dll
0x00007ffa190c0000 - 0x00007ffa1910a000 	C:\WINDOWS\System32\cfgmgr32.dll
0x00007ffa15c70000 - 0x00007ffa15c7f000 	E:\SOFTWARE\Android\Android Studio\jre\jre\bin\verify.dll
0x00007ffa15c40000 - 0x00007ffa15c69000 	E:\SOFTWARE\Android\Android Studio\jre\jre\bin\java.dll
0x00007ffa15ad0000 - 0x00007ffa15ae6000 	E:\SOFTWARE\Android\Android Studio\jre\jre\bin\zip.dll
0x00007ffa1b850000 - 0x00007ffa1cc86000 	C:\WINDOWS\System32\SHELL32.dll
0x00007ffa1a7b0000 - 0x00007ffa1a856000 	C:\WINDOWS\System32\shcore.dll
0x00007ffa19520000 - 0x00007ffa19c67000 	C:\WINDOWS\System32\windows.storage.dll
0x00007ffa1a2f0000 - 0x00007ffa1a341000 	C:\WINDOWS\System32\shlwapi.dll
0x00007ffa190a0000 - 0x00007ffa190b1000 	C:\WINDOWS\System32\kernel.appcore.dll
0x00007ffa19030000 - 0x00007ffa1907c000 	C:\WINDOWS\System32\powrprof.dll
0x00007ffa19010000 - 0x00007ffa1902b000 	C:\WINDOWS\System32\profapi.dll
0x00007ffa0dee0000 - 0x00007ffa0defa000 	E:\SOFTWARE\Android\Android Studio\jre\jre\bin\net.dll
0x00007ffa18840000 - 0x00007ffa188a6000 	C:\WINDOWS\system32\mswsock.dll
0x00007ffa0dec0000 - 0x00007ffa0ded1000 	E:\SOFTWARE\Android\Android Studio\jre\jre\bin\nio.dll
0x00007ff9fa8b0000 - 0x00007ff9fa8ce000 	C:\Users\Chau Milano\.gradle\native\25\windows-amd64\native-platform.dll
0x00007ffa15c30000 - 0x00007ffa15c3d000 	E:\SOFTWARE\Android\Android Studio\jre\jre\bin\management.dll
0x00007ffa18a00000 - 0x00007ffa18a17000 	C:\WINDOWS\SYSTEM32\CRYPTSP.dll
0x00007ffa18440000 - 0x00007ffa18473000 	C:\WINDOWS\system32\rsaenh.dll
0x00007ffa18b70000 - 0x00007ffa18b95000 	C:\WINDOWS\SYSTEM32\bcrypt.dll
0x00007ffa18f40000 - 0x00007ffa18f69000 	C:\WINDOWS\SYSTEM32\USERENV.dll
0x00007ffa18a20000 - 0x00007ffa18a2b000 	C:\WINDOWS\SYSTEM32\CRYPTBASE.dll
0x00007ffa185d0000 - 0x00007ffa18609000 	C:\WINDOWS\SYSTEM32\IPHLPAPI.DLL
0x00007ffa1a2e0000 - 0x00007ffa1a2e8000 	C:\WINDOWS\System32\NSI.dll
0x00007ffa0f6c0000 - 0x00007ffa0f6d6000 	C:\WINDOWS\SYSTEM32\dhcpcsvc6.DLL
0x00007ffa0f6a0000 - 0x00007ffa0f6ba000 	C:\WINDOWS\SYSTEM32\dhcpcsvc.DLL

VM Arguments:
jvm_args: -Xmx1536m -Dfile.encoding=windows-1252 -Duser.country=US -Duser.language=en -Duser.variant 
java_command: org.gradle.launcher.daemon.bootstrap.GradleDaemon 4.4
java_class_path (initial): C:\Users\Chau Milano\.gradle\wrapper\dists\gradle-4.4-all\9br9xq1tocpiv8o6njlyu5op1\gradle-4.4\lib\gradle-launcher-4.4.jar
Launcher Type: SUN_STANDARD

Environment Variables:
PATH=C:\Program Files\Microsoft MPI\Bin\;C:\ProgramData\Oracle\Java\javapath;C:\Windows\system32;C:\Windows;C:\Windows\System32\Wbem;C:\Windows\System32\WindowsPowerShell\v1.0\;C:\Program Files (x86)\MySQL\MySQL Fabric 1.5 & MySQL Utilities 1.5\;C:\Program Files (x86)\MySQL\MySQL Fabric 1.5 & MySQL Utilities 1.5\Doctrine extensions for PHP\;C:\Program Files\Microsoft SQL Server\110\Tools\Binn\;C:\Users\Chau Milano\.dnx\bin;C:\Program Files\Microsoft DNX\Dnvm\;C:\Program Files\Microsoft SQL Server\130\Tools\Binn\;C:\WINDOWS\system32;C:\WINDOWS;C:\WINDOWS\System32\Wbem;C:\WINDOWS\System32\WindowsPowerShell\v1.0\;C:\Program Files (x86)\NVIDIA Corporation\PhysX\Common;C:\Program Files\PuTTY\;E:\SOFTWARE\Bitvise SSH Client;C:\WINDOWS\system32;C:\WINDOWS;C:\WINDOWS\System32\Wbem;C:\WINDOWS\System32\WindowsPowerShell\v1.0\;E:\SOFTWARE\Git\cmd;C:\Program Files\dotnet\;C:\Program Files (x86)\Microsoft SQL Server\140\Tools\Binn\;C:\Program Files\Microsoft SQL Server\140\Tools\Binn\;C:\Program Files (x86)\Microsoft SQL Server\140\DTS\Binn\;C:\Program Files\Microsoft SQL Server\140\DTS\Binn\;C:\Program Files\Microsoft SQL Server\Client SDK\ODBC\130\Tools\Binn\;C:\Program Files (x86)\Microsoft SQL Server\Client SDK\ODBC\130\Tools\Binn\;C:\Program Files (x86)\Microsoft SQL Server\140\Tools\Binn\ManagementStudio\;E:\SOFTWARE\Python\Python35-32\Scripts\;E:\SOFTWARE\Python\Python35-32\;%USERPROFILE%\AppData\Local\Microsoft\WindowsApps;
USERNAME=Chau Milano
OS=Windows_NT
PROCESSOR_IDENTIFIER=Intel64 Family 6 Model 60 Stepping 3, GenuineIntel



---------------  S Y S T E M  ---------------

OS: Windows 10.0 , 64 bit Build 16299 (10.0.16299.15)

CPU:total 4 (initial active 4) (4 cores per cpu, 1 threads per core) family 6 model 60 stepping 3, cmov, cx8, fxsr, mmx, sse, sse2, sse3, ssse3, sse4.1, sse4.2, popcnt, avx, avx2, aes, clmul, erms, lzcnt, tsc, tscinvbit, bmi1, bmi2

Memory: 4k page, physical 8314884k(506888k free), swap 12509188k(18808k free)

vm_info: OpenJDK 64-Bit Server VM (25.152-b02) for windows-amd64 JRE (1.8.0_152-release-1024-b02), built by "builder" with MS VC++ 10.0 (VS2010)

time: Sat Apr 07 22:22:45 2018
elapsed time: 1 seconds (0d 0h 0m 1s)

